# JRE version: OpenJDK Runtime Environment Temurin-17.0.3+7 (17.0.3+7) (build 17.0.3+7)
# Java VM: OpenJDK 64-Bit Server VM Temurin-17.0.3+7 (17.0.3+7, mixed mode, emulated-client, tiered, compressed oops, compressed class ptrs, g1 gc, windows-amd64)
GC Precious Log:
 CPUs: 2 total, 2 available
 Memory: 3918M
 Large Page Support: Disabled
 NUMA Support: Disabled
 Compressed Oops: Enabled (32-bit)
 Heap Region Size: 1M
 Heap Min Capacity: 8M
 Heap Initial Capacity: 62M
 Heap Max Capacity: 980M
 Pre-touch: Disabled
 Parallel Workers: 2
 Concurrent Workers: 1
 Concurrent Refinement Workers: 2
 Periodic GC: Disabled
Heap:
 garbage-first heap   total 74752K, used 50153K [0x00000000c2c00000, 0x0000000100000000)
  region size 1024K, 29 young (29696K), 2 survivors (2048K)
 Metaspace       used 66218K, committed 66752K, reserved 1114112K
  class space    used 8851K, committed 9088K, reserved 1048576K
GC Heap History (20 events):
Event: 57.835 GC heap before
{Heap before GC invocations=19 (full 0):
 garbage-first heap   total 37888K, used 19726K [0x00000000c2c00000, 0x0000000100000000)
  region size 1024K, 3 young (3072K), 2 survivors (2048K)
 Metaspace       used 44970K, committed 45440K, reserved 1089536K
  class space    used 5778K, committed 6016K, reserved 1048576K
}
Event: 57.852 GC heap after
{Heap after GC invocations=20 (full 0):
 garbage-first heap   total 37888K, used 18918K [0x00000000c2c00000, 0x0000000100000000)
  region size 1024K, 1 young (1024K), 1 survivors (1024K)
 Metaspace       used 44970K, committed 45440K, reserved 1089536K
  class space    used 5778K, committed 6016K, reserved 1048576K
}
Event: 59.304 GC heap before
{Heap before GC invocations=20 (full 0):
 garbage-first heap   total 37888K, used 29158K [0x00000000c2c00000, 0x0000000100000000)
  region size 1024K, 11 young (11264K), 1 survivors (1024K)
 Metaspace       used 49852K, committed 50304K, reserved 1097728K
  class space    used 6424K, committed 6656K, reserved 1048576K
}
Event: 59.311 GC heap after
{Heap after GC invocations=21 (full 0):
 garbage-first heap   total 37888K, used 19494K [0x00000000c2c00000, 0x0000000100000000)
  region size 1024K, 1 young (1024K), 1 survivors (1024K)
 Metaspace       used 49852K, committed 50304K, reserved 1097728K
  class space    used 6424K, committed 6656K, reserved 1048576K
}
Event: 60.498 GC heap before
{Heap before GC invocations=22 (full 0):
 garbage-first heap   total 37888K, used 29734K [0x00000000c2c00000, 0x0000000100000000)
  region size 1024K, 11 young (11264K), 1 survivors (1024K)
 Metaspace       used 52512K, committed 52992K, reserved 1097728K
  class space    used 6797K, committed 7040K, reserved 1048576K
}
Event: 60.503 GC heap after
{Heap after GC invocations=23 (full 0):
 garbage-first heap   total 37888K, used 20090K [0x00000000c2c00000, 0x0000000100000000)
  region size 1024K, 2 young (2048K), 2 survivors (2048K)
 Metaspace       used 52512K, committed 52992K, reserved 1097728K
  class space    used 6797K, committed 7040K, reserved 1048576K
}
Event: 60.550 GC heap before
{Heap before GC invocations=23 (full 0):
 garbage-first heap   total 37888K, used 21114K [0x00000000c2c00000, 0x0000000100000000)
  region size 1024K, 3 young (3072K), 2 survivors (2048K)
 Metaspace       used 52931K, committed 53376K, reserved 1097728K
  class space    used 6828K, committed 7040K, reserved 1048576K
}
Event: 60.557 GC heap after
{Heap after GC invocations=24 (full 0):
 garbage-first heap   total 37888K, used 20064K [0x00000000c2c00000, 0x0000000100000000)
  region size 1024K, 1 young (1024K), 1 survivors (1024K)
 Metaspace       used 52931K, committed 53376K, reserved 1097728K
  class space    used 6828K, committed 7040K, reserved 1048576K
}
Event: 60.962 GC heap before
{Heap before GC invocations=24 (full 0):
 garbage-first heap   total 37888K, used 28256K [0x00000000c2c00000, 0x0000000100000000)
  region size 1024K, 10 young (10240K), 1 survivors (1024K)
 Metaspace       used 55415K, committed 55872K, reserved 1097728K
  class space    used 7262K, committed 7488K, reserved 1048576K
}
Event: 60.968 GC heap after
{Heap after GC invocations=25 (full 0):
 garbage-first heap   total 37888K, used 20345K [0x00000000c2c00000, 0x0000000100000000)
  region size 1024K, 1 young (1024K), 1 survivors (1024K)
 Metaspace       used 55415K, committed 55872K, reserved 1097728K
  class space    used 7262K, committed 7488K, reserved 1048576K
}
Event: 61.461 GC heap before
{Heap before GC invocations=25 (full 0):
 garbage-first heap   total 37888K, used 29561K [0x00000000c2c00000, 0x0000000100000000)
  region size 1024K, 10 young (10240K), 1 survivors (1024K)
 Metaspace       used 57166K, committed 57664K, reserved 1105920K
  class space    used 7627K, committed 7872K, reserved 1048576K
}
Event: 61.465 GC heap after
{Heap after GC invocations=26 (full 0):
 garbage-first heap   total 37888K, used 20730K [0x00000000c2c00000, 0x0000000100000000)
  region size 1024K, 1 young (1024K), 1 survivors (1024K)
 Metaspace       used 57166K, committed 57664K, reserved 1105920K
  class space    used 7627K, committed 7872K, reserved 1048576K
}
Event: 62.955 GC heap before
{Heap before GC invocations=26 (full 0):
 garbage-first heap   total 37888K, used 29946K [0x00000000c2c00000, 0x0000000100000000)
  region size 1024K, 11 young (11264K), 1 survivors (1024K)
 Metaspace       used 59135K, committed 59584K, reserved 1105920K
  class space    used 7925K, committed 8128K, reserved 1048576K
}
Event: 62.961 GC heap after
{Heap after GC invocations=27 (full 0):
 garbage-first heap   total 37888K, used 21188K [0x00000000c2c00000, 0x0000000100000000)
  region size 1024K, 2 young (2048K), 2 survivors (2048K)
 Metaspace       used 59135K, committed 59584K, reserved 1105920K
  class space    used 7925K, committed 8128K, reserved 1048576K
}
Event: 66.069 GC heap before
{Heap before GC invocations=27 (full 0):
 garbage-first heap   total 37888K, used 29380K [0x00000000c2c00000, 0x0000000100000000)
  region size 1024K, 11 young (11264K), 2 survivors (2048K)
 Metaspace       used 59885K, committed 60352K, reserved 1105920K
  class space    used 8005K, committed 8256K, reserved 1048576K
}
Event: 66.076 GC heap after
{Heap after GC invocations=28 (full 0):
 garbage-first heap   total 37888K, used 21679K [0x00000000c2c00000, 0x0000000100000000)
  region size 1024K, 2 young (2048K), 2 survivors (2048K)
 Metaspace       used 59885K, committed 60352K, reserved 1105920K
  class space    used 8005K, committed 8256K, reserved 1048576K
}
Event: 66.525 GC heap before
{Heap before GC invocations=28 (full 0):
 garbage-first heap   total 37888K, used 30895K [0x00000000c2c00000, 0x0000000100000000)
  region size 1024K, 11 young (11264K), 2 survivors (2048K)
 Metaspace       used 60801K, committed 61312K, reserved 1105920K
  class space    used 8142K, committed 8384K, reserved 1048576K
}
Event: 66.532 GC heap after
{Heap after GC invocations=29 (full 0):
 garbage-first heap   total 37888K, used 22726K [0x00000000c2c00000, 0x0000000100000000)
  region size 1024K, 2 young (2048K), 2 survivors (2048K)
 Metaspace       used 60801K, committed 61312K, reserved 1105920K
  class space    used 8142K, committed 8384K, reserved 1048576K
}
Event: 66.867 GC heap before
{Heap before GC invocations=29 (full 0):
 garbage-first heap   total 37888K, used 30918K [0x00000000c2c00000, 0x0000000100000000)
  region size 1024K, 10 young (10240K), 2 survivors (2048K)
 Metaspace       used 61993K, committed 62464K, reserved 1105920K
  class space    used 8308K, committed 8512K, reserved 1048576K
}
Event: 66.876 GC heap after
{Heap after GC invocations=30 (full 0):
 garbage-first heap   total 74752K, used 23529K [0x00000000c2c00000, 0x0000000100000000)
  region size 1024K, 2 young (2048K), 2 survivors (2048K)
 Metaspace       used 61993K, committed 62464K, reserved 1105920K
  class space    used 8308K, committed 8512K, reserved 1048576K
}

